#
# There is insufficient memory for the Java Runtime Environment to continue.
# Native memory allocation (mmap) failed to map 65536 bytes for Failed to commit metaspace.
# Possible reasons:
#   The system is out of physical RAM or swap space
#   The process is running with CompressedOops enabled, and the Java Heap may be blocking the growth of the native heap
# Possible solutions:
#   Reduce memory load on the system
#   Increase physical memory or swap space
#   Check if swap backing store is full
#   Decrease Java heap size (-Xmx/-Xms)
#   Decrease number of Java threads
#   Decrease Java thread stack sizes (-Xss)
#   Set larger code cache with -XX:ReservedCodeCacheSize=
#   JVM is running with Unscaled Compressed Oops mode in which the Java heap is
#     placed in the first 4GB address space. The Java Heap base address is the
#     maximum limit for the native heap growth. Please use -XX:HeapBaseMinAddress
#     to set the Java Heap base and to place the Java Heap above 4GB virtual address.
# This output file may be truncated or incomplete.
#
#  Out of Memory Error (virtualSpaceNode.cpp:110), pid=15780, tid=15056
#
# JRE version: Java(TM) SE Runtime Environment (17.0.12+8) (build 17.0.12+8-LTS-286)
# Java VM: Java HotSpot(TM) 64-Bit Server VM (17.0.12+8-LTS-286, mixed mode, sharing, tiered, compressed oops, compressed class ptrs, g1 gc, windows-amd64)
# No core dump will be written. Minidumps are not enabled by default on client versions of Windows
#

---------------  S U M M A R Y ------------

Command Line: -Xmx64m -Xms64m -Dorg.gradle.appname=gradlew C:\Users\NareAseyan\Desktop\react-native\WearConnectivityApp\WearConnectivityApp\WatchApp\android\\gradle\wrapper\gradle-wrapper.jar app:installDebug -x lint -PreactNativeDevServerPort=8081

Host: 11th Gen Intel(R) Core(TM) i5-1135G7 @ 2.40GHz, 8 cores, 7G,  Windows 11 , 64 bit Build 26100 (10.0.26100.4768)
Time: Tue Sep  2 12:02:58 2025 Caucasus Standard Time elapsed time: 2.404635 seconds (0d 0h 0m 2s)

---------------  T H R E A D  ---------------

Current thread (0x00000253b51e5440):  JavaThread "main" [_thread_in_vm, id=15056, stack(0x0000006d50300000,0x0000006d50400000)]

Stack: [0x0000006d50300000,0x0000006d50400000]
Native frames: (J=compiled Java code, j=interpreted, Vv=VM code, C=native code)
V  [jvm.dll+0x67a04a]
V  [jvm.dll+0x7da4ed]
V  [jvm.dll+0x7dbe33]
V  [jvm.dll+0x7dc4a3]
V  [jvm.dll+0x24508f]
V  [jvm.dll+0x7d60bb]
V  [jvm.dll+0x6206c6]
V  [jvm.dll+0x62072a]
V  [jvm.dll+0x622f4d]
V  [jvm.dll+0x621086]
V  [jvm.dll+0x62af77]
V  [jvm.dll+0x1e84b2]
V  [jvm.dll+0x1e89d5]
V  [jvm.dll+0x1e931b]
V  [jvm.dll+0x1dea41]
V  [jvm.dll+0x53f78c]
V  [jvm.dll+0x1ef3ca]
V  [jvm.dll+0x7547ad]
V  [jvm.dll+0x755bc6]
V  [jvm.dll+0x755ef8]
V  [jvm.dll+0x23d13b]
V  [jvm.dll+0x37d08e]
C  0x00000253c3feb706

Java frames: (J=compiled Java code, j=interpreted, Vv=VM code)
j  sun.nio.ch.WEPollSelectorImpl.<init>(Ljava/nio/channels/spi/SelectorProvider;)V+67 java.base@17.0.12
j  sun.nio.ch.WEPollSelectorProvider.openSelector()Ljava/nio/channels/spi/AbstractSelector;+5 java.base@17.0.12
j  java.nio.channels.Selector.open()Ljava/nio/channels/Selector;+3 java.base@17.0.12
j  org.gradle.internal.remote.internal.inet.SocketConnection$SocketInputStream.<init>(Ljava/nio/channels/SocketChannel;)V+17
j  org.gradle.internal.remote.internal.inet.SocketConnection.<init>(Ljava/nio/channels/SocketChannel;Lorg/gradle/internal/remote/internal/MessageSerializer;Lorg/gradle/internal/serialize/StatefulSerializer;)V+27
j  org.gradle.internal.remote.internal.inet.SocketConnectCompletion.create(Lorg/gradle/internal/serialize/StatefulSerializer;)Lorg/gradle/internal/remote/internal/RemoteConnection;+16
j  org.gradle.launcher.daemon.client.DefaultDaemonConnector.connectToDaemon(Lorg/gradle/launcher/daemon/context/DaemonConnectDetails;Lorg/gradle/launcher/daemon/client/DaemonClientConnection$StaleAddressDetector;)Lorg/gradle/launcher/daemon/client/DaemonClientConnection;+45
j  org.gradle.launcher.daemon.client.DefaultDaemonConnector.findConnection(Ljava/util/List;)Lorg/gradle/launcher/daemon/client/DaemonClientConnection;+38
j  org.gradle.launcher.daemon.client.DefaultDaemonConnector.connectToIdleDaemon(Ljava/util/Collection;Lorg/gradle/api/internal/specs/ExplainingSpec;)Lorg/gradle/launcher/daemon/client/DaemonClientConnection;+9
j  org.gradle.launcher.daemon.client.DefaultDaemonConnector.connect(Lorg/gradle/api/internal/specs/ExplainingSpec;)Lorg/gradle/launcher/daemon/client/DaemonClientConnection;+37
j  org.gradle.launcher.daemon.client.DaemonClient.execute(Lorg/gradle/internal/invocation/BuildAction;Lorg/gradle/launcher/exec/BuildActionParameters;Lorg/gradle/internal/daemon/client/execution/ClientBuildRequestContext;)Lorg/gradle/launcher/exec/BuildActionResult;+66
j  org.gradle.launcher.daemon.client.DaemonClient.execute(Lorg/gradle/internal/invocation/BuildAction;Ljava/lang/Object;Ljava/lang/Object;)Lorg/gradle/launcher/exec/BuildActionResult;+10
j  org.gradle.launcher.cli.RunBuildAction.run()V+67
j  org.gradle.internal.Actions$RunnableActionAdapter.execute(Ljava/lang/Object;)V+4
j  org.gradle.launcher.cli.DefaultCommandLineActionFactory$ParseAndBuildAction.execute(Lorg/gradle/launcher/bootstrap/ExecutionListener;)V+129
j  org.gradle.launcher.cli.DefaultCommandLineActionFactory$ParseAndBuildAction.execute(Ljava/lang/Object;)V+5
j  org.gradle.launcher.cli.DebugLoggerWarningAction.execute(Lorg/gradle/launcher/bootstrap/ExecutionListener;)V+9
j  org.gradle.launcher.cli.DebugLoggerWarningAction.execute(Ljava/lang/Object;)V+5
j  org.gradle.launcher.cli.WelcomeMessageAction.execute(Lorg/gradle/launcher/bootstrap/ExecutionListener;)V+218
j  org.gradle.launcher.cli.WelcomeMessageAction.execute(Ljava/lang/Object;)V+5
j  org.gradle.launcher.cli.NativeServicesInitializingAction.execute(Lorg/gradle/launcher/bootstrap/ExecutionListener;)V+38
j  org.gradle.launcher.cli.NativeServicesInitializingAction.execute(Ljava/lang/Object;)V+5
j  org.gradle.launcher.cli.ExceptionReportingAction.execute(Lorg/gradle/launcher/bootstrap/ExecutionListener;)V+5
j  org.gradle.launcher.cli.ExceptionReportingAction.execute(Ljava/lang/Object;)V+5
j  org.gradle.launcher.cli.DefaultCommandLineActionFactory$WithLogging.execute(Lorg/gradle/launcher/bootstrap/ExecutionListener;)V+309
j  org.gradle.launcher.Main.doAction([Ljava/lang/String;Lorg/gradle/launcher/bootstrap/ExecutionListener;)V+14
j  org.gradle.launcher.bootstrap.EntryPoint.run([Ljava/lang/String;)V+12
v  ~StubRoutines::call_stub
j  jdk.internal.reflect.NativeMethodAccessorImpl.invoke0(Ljava/lang/reflect/Method;Ljava/lang/Object;[Ljava/lang/Object;)Ljava/lang/Object;+0 java.base@17.0.12
j  jdk.internal.reflect.NativeMethodAccessorImpl.invoke(Ljava/lang/Object;[Ljava/lang/Object;)Ljava/lang/Object;+133 java.base@17.0.12
j  jdk.internal.reflect.DelegatingMethodAccessorImpl.invoke(Ljava/lang/Object;[Ljava/lang/Object;)Ljava/lang/Object;+6 java.base@17.0.12
j  java.lang.reflect.Method.invoke(Ljava/lang/Object;[Ljava/lang/Object;)Ljava/lang/Object;+59 java.base@17.0.12
j  org.gradle.launcher.bootstrap.ProcessBootstrap.runNoExit(Ljava/lang/String;Ljava/lang/String;Ljava/lang/String;[Ljava/lang/String;)V+205
j  org.gradle.launcher.bootstrap.ProcessBootstrap.run(Ljava/lang/String;Ljava/lang/String;Ljava/lang/String;[Ljava/lang/String;)V+4
j  org.gradle.launcher.GradleMain.main([Ljava/lang/String;)V+68
v  ~StubRoutines::call_stub
j  jdk.internal.reflect.NativeMethodAccessorImpl.invoke0(Ljava/lang/reflect/Method;Ljava/lang/Object;[Ljava/lang/Object;)Ljava/lang/Object;+0 java.base@17.0.12
j  jdk.internal.reflect.NativeMethodAccessorImpl.invoke(Ljava/lang/Object;[Ljava/lang/Object;)Ljava/lang/Object;+133 java.base@17.0.12
j  jdk.internal.reflect.DelegatingMethodAccessorImpl.invoke(Ljava/lang/Object;[Ljava/lang/Object;)Ljava/lang/Object;+6 java.base@17.0.12
j  java.lang.reflect.Method.invoke(Ljava/lang/Object;[Ljava/lang/Object;)Ljava/lang/Object;+59 java.base@17.0.12
j  org.gradle.wrapper.GradleWrapperMain.main([Ljava/lang/String;)V+1826
v  ~StubRoutines::call_stub

---------------  P R O C E S S  ---------------

Threads class SMR info:
_java_thread_list=0x0000025414832220, length=13, elements={
0x00000253b51e5440, 0x00000253ce99a890, 0x00000253ce99af70, 0x00000253ce9ace90,
0x00000253ce9ae380, 0x00000253ce9ae860, 0x00000253ce9b3770, 0x00000253ce9b8450,
0x00000253ce9c6350, 0x00000253ce9c6870, 0x00000253cec175c0, 0x00000253cec3a480,
0x0000025414bad9c0
}

Java Threads: ( => current thread )
=>0x00000253b51e5440 JavaThread "main" [_thread_in_vm, id=15056, stack(0x0000006d50300000,0x0000006d50400000)]
  0x00000253ce99a890 JavaThread "Reference Handler" daemon [_thread_blocked, id=3232, stack(0x0000006d50a00000,0x0000006d50b00000)]
  0x00000253ce99af70 JavaThread "Finalizer" daemon [_thread_blocked, id=2572, stack(0x0000006d50b00000,0x0000006d50c00000)]
  0x00000253ce9ace90 JavaThread "Signal Dispatcher" daemon [_thread_blocked, id=1616, stack(0x0000006d50c00000,0x0000006d50d00000)]
  0x00000253ce9ae380 JavaThread "Attach Listener" daemon [_thread_blocked, id=11928, stack(0x0000006d50d00000,0x0000006d50e00000)]
  0x00000253ce9ae860 JavaThread "Service Thread" daemon [_thread_blocked, id=17052, stack(0x0000006d50e00000,0x0000006d50f00000)]
  0x00000253ce9b3770 JavaThread "Monitor Deflation Thread" daemon [_thread_blocked, id=15116, stack(0x0000006d50f00000,0x0000006d51000000)]
  0x00000253ce9b8450 JavaThread "C2 CompilerThread0" daemon [_thread_blocked, id=13496, stack(0x0000006d51000000,0x0000006d51100000)]
  0x00000253ce9c6350 JavaThread "C1 CompilerThread0" daemon [_thread_blocked, id=14964, stack(0x0000006d51100000,0x0000006d51200000)]
  0x00000253ce9c6870 JavaThread "Sweeper thread" daemon [_thread_blocked, id=10556, stack(0x0000006d51200000,0x0000006d51300000)]
  0x00000253cec175c0 JavaThread "Notification Thread" daemon [_thread_blocked, id=2252, stack(0x0000006d51300000,0x0000006d51400000)]
  0x00000253cec3a480 JavaThread "Common-Cleaner" daemon [_thread_blocked, id=6308, stack(0x0000006d51500000,0x0000006d51600000)]
  0x0000025414bad9c0 JavaThread "pool-1-thread-1" [_thread_blocked, id=1156, stack(0x0000006d51600000,0x0000006d51700000)]

Other Threads:
  0x00000253ce995aa0 VMThread "VM Thread" [stack: 0x0000006d50900000,0x0000006d50a00000] [id=14080]
  0x00000253b5228ef0 WatcherThread [stack: 0x0000006d51400000,0x0000006d51500000] [id=3176]
  0x00000253b5207d30 GCTaskThread "GC Thread#0" [stack: 0x0000006d50400000,0x0000006d50500000] [id=16508]
  0x00000253ceef3cb0 GCTaskThread "GC Thread#1" [stack: 0x0000006d51700000,0x0000006d51800000] [id=18092]
  0x00000253cee98cf0 GCTaskThread "GC Thread#2" [stack: 0x0000006d51800000,0x0000006d51900000] [id=13408]
  0x00000254140a9a00 GCTaskThread "GC Thread#3" [stack: 0x0000006d51900000,0x0000006d51a00000] [id=16500]
  0x00000254149e3730 GCTaskThread "GC Thread#4" [stack: 0x0000006d51a00000,0x0000006d51b00000] [id=2360]
  0x0000025414d8afb0 GCTaskThread "GC Thread#5" [stack: 0x0000006d51b00000,0x0000006d51c00000] [id=7608]
  0x0000025414d8b270 GCTaskThread "GC Thread#6" [stack: 0x0000006d51c00000,0x0000006d51d00000] [id=9412]
  0x00000253b5209390 ConcurrentGCThread "G1 Main Marker" [stack: 0x0000006d50500000,0x0000006d50600000] [id=18300]
  0x00000253b520b120 ConcurrentGCThread "G1 Conc#0" [stack: 0x0000006d50600000,0x0000006d50700000] [id=10048]
  0x00000253ce860090 ConcurrentGCThread "G1 Refine#0" [stack: 0x0000006d50700000,0x0000006d50800000] [id=4700]
  0x00000253ce861490 ConcurrentGCThread "G1 Service" [stack: 0x0000006d50800000,0x0000006d50900000] [id=6348]

Threads with active compile tasks:

VM state: not at safepoint (normal execution)

VM Mutex/Monitor currently owned by a thread:  ([mutex/lock_event])
[0x00000253b51e1300] Metaspace_lock - owner thread: 0x00000253b51e5440

Heap address: 0x00000000fc000000, size: 64 MB, Compressed Oops mode: 32-bit

CDS archive(s) mapped at: [0x00000253cf000000-0x00000253cfbd0000-0x00000253cfbd0000), size 12386304, SharedBaseAddress: 0x00000253cf000000, ArchiveRelocationMode: 1.
Compressed class space mapped at: 0x00000253d0000000-0x0000025410000000, reserved size: 1073741824
Narrow klass base: 0x00000253cf000000, Narrow klass shift: 0, Narrow klass range: 0x100000000

GC Precious Log:
 CPUs: 8 total, 8 available
 Memory: 7975M
 Large Page Support: Disabled
 NUMA Support: Disabled
 Compressed Oops: Enabled (32-bit)
 Heap Region Size: 1M
 Heap Min Capacity: 64M
 Heap Initial Capacity: 64M
 Heap Max Capacity: 64M
 Pre-touch: Disabled
 Parallel Workers: 8
 Concurrent Workers: 2
 Concurrent Refinement Workers: 8
 Periodic GC: Disabled

Heap:
 garbage-first heap   total 65536K, used 11380K [0x00000000fc000000, 0x0000000100000000)
  region size 1024K, 6 young (6144K), 5 survivors (5120K)
 Metaspace       used 8151K, committed 8320K, reserved 1114112K
  class space    used 1112K, committed 1216K, reserved 1048576K

Heap Regions: E=young(eden), S=young(survivor), O=old, HS=humongous(starts), HC=humongous(continues), CS=collection set, F=free, OA=open archive, CA=closed archive, TAMS=top-at-mark-start (previous, next)
|   0|0x00000000fc000000, 0x00000000fc100000, 0x00000000fc100000|100%|HS|  |TAMS 0x00000000fc000000, 0x00000000fc000000| Complete 
|   1|0x00000000fc100000, 0x00000000fc200000, 0x00000000fc200000|100%|HC|  |TAMS 0x00000000fc100000, 0x00000000fc100000| Complete 
|   2|0x00000000fc200000, 0x00000000fc300000, 0x00000000fc300000|100%|HC|  |TAMS 0x00000000fc200000, 0x00000000fc200000| Complete 
|   3|0x00000000fc300000, 0x00000000fc400000, 0x00000000fc400000|100%| O|  |TAMS 0x00000000fc300000, 0x00000000fc300000| Untracked 
|   4|0x00000000fc400000, 0x00000000fc500000, 0x00000000fc500000|100%| O|  |TAMS 0x00000000fc400000, 0x00000000fc400000| Untracked 
|   5|0x00000000fc500000, 0x00000000fc600000, 0x00000000fc600000|100%| O|  |TAMS 0x00000000fc500000, 0x00000000fc500000| Untracked 
|   6|0x00000000fc600000, 0x00000000fc61d200, 0x00000000fc700000| 11%| O|  |TAMS 0x00000000fc600000, 0x00000000fc600000| Untracked 
|   7|0x00000000fc700000, 0x00000000fc700000, 0x00000000fc800000|  0%| F|  |TAMS 0x00000000fc700000, 0x00000000fc700000| Untracked 
|   8|0x00000000fc800000, 0x00000000fc800000, 0x00000000fc900000|  0%| F|  |TAMS 0x00000000fc800000, 0x00000000fc800000| Untracked 
|   9|0x00000000fc900000, 0x00000000fc900000, 0x00000000fca00000|  0%| F|  |TAMS 0x00000000fc900000, 0x00000000fc900000| Untracked 
|  10|0x00000000fca00000, 0x00000000fca00000, 0x00000000fcb00000|  0%| F|  |TAMS 0x00000000fca00000, 0x00000000fca00000| Untracked 
|  11|0x00000000fcb00000, 0x00000000fcb00000, 0x00000000fcc00000|  0%| F|  |TAMS 0x00000000fcb00000, 0x00000000fcb00000| Untracked 
|  12|0x00000000fcc00000, 0x00000000fcc00000, 0x00000000fcd00000|  0%| F|  |TAMS 0x00000000fcc00000, 0x00000000fcc00000| Untracked 
|  13|0x00000000fcd00000, 0x00000000fcd00000, 0x00000000fce00000|  0%| F|  |TAMS 0x00000000fcd00000, 0x00000000fcd00000| Untracked 
|  14|0x00000000fce00000, 0x00000000fce00000, 0x00000000fcf00000|  0%| F|  |TAMS 0x00000000fce00000, 0x00000000fce00000| Untracked 
|  15|0x00000000fcf00000, 0x00000000fcf00000, 0x00000000fd000000|  0%| F|  |TAMS 0x00000000fcf00000, 0x00000000fcf00000| Untracked 
|  16|0x00000000fd000000, 0x00000000fd000000, 0x00000000fd100000|  0%| F|  |TAMS 0x00000000fd000000, 0x00000000fd000000| Untracked 
|  17|0x00000000fd100000, 0x00000000fd100000, 0x00000000fd200000|  0%| F|  |TAMS 0x00000000fd100000, 0x00000000fd100000| Untracked 
|  18|0x00000000fd200000, 0x00000000fd200000, 0x00000000fd300000|  0%| F|  |TAMS 0x00000000fd200000, 0x00000000fd200000| Untracked 
|  19|0x00000000fd300000, 0x00000000fd300000, 0x00000000fd400000|  0%| F|  |TAMS 0x00000000fd300000, 0x00000000fd300000| Untracked 
|  20|0x00000000fd400000, 0x00000000fd400000, 0x00000000fd500000|  0%| F|  |TAMS 0x00000000fd400000, 0x00000000fd400000| Untracked 
|  21|0x00000000fd500000, 0x00000000fd500000, 0x00000000fd600000|  0%| F|  |TAMS 0x00000000fd500000, 0x00000000fd500000| Untracked 
|  22|0x00000000fd600000, 0x00000000fd600000, 0x00000000fd700000|  0%| F|  |TAMS 0x00000000fd600000, 0x00000000fd600000| Untracked 
|  23|0x00000000fd700000, 0x00000000fd700000, 0x00000000fd800000|  0%| F|  |TAMS 0x00000000fd700000, 0x00000000fd700000| Untracked 
|  24|0x00000000fd800000, 0x00000000fd800000, 0x00000000fd900000|  0%| F|  |TAMS 0x00000000fd800000, 0x00000000fd800000| Untracked 
|  25|0x00000000fd900000, 0x00000000fd900000, 0x00000000fda00000|  0%| F|  |TAMS 0x00000000fd900000, 0x00000000fd900000| Untracked 
|  26|0x00000000fda00000, 0x00000000fdb00000, 0x00000000fdb00000|100%| S|CS|TAMS 0x00000000fda00000, 0x00000000fda00000| Complete 
|  27|0x00000000fdb00000, 0x00000000fdc00000, 0x00000000fdc00000|100%| S|CS|TAMS 0x00000000fdb00000, 0x00000000fdb00000| Complete 
|  28|0x00000000fdc00000, 0x00000000fdd00000, 0x00000000fdd00000|100%| S|CS|TAMS 0x00000000fdc00000, 0x00000000fdc00000| Complete 
|  29|0x00000000fdd00000, 0x00000000fde00000, 0x00000000fde00000|100%| S|CS|TAMS 0x00000000fdd00000, 0x00000000fdd00000| Complete 
|  30|0x00000000fde00000, 0x00000000fdf00000, 0x00000000fdf00000|100%| S|CS|TAMS 0x00000000fde00000, 0x00000000fde00000| Complete 
|  31|0x00000000fdf00000, 0x00000000fdf00000, 0x00000000fe000000|  0%| F|  |TAMS 0x00000000fdf00000, 0x00000000fdf00000| Untracked 
|  32|0x00000000fe000000, 0x00000000fe000000, 0x00000000fe100000|  0%| F|  |TAMS 0x00000000fe000000, 0x00000000fe000000| Untracked 
|  33|0x00000000fe100000, 0x00000000fe100000, 0x00000000fe200000|  0%| F|  |TAMS 0x00000000fe100000, 0x00000000fe100000| Untracked 
|  34|0x00000000fe200000, 0x00000000fe200000, 0x00000000fe300000|  0%| F|  |TAMS 0x00000000fe200000, 0x00000000fe200000| Untracked 
|  35|0x00000000fe300000, 0x00000000fe300000, 0x00000000fe400000|  0%| F|  |TAMS 0x00000000fe300000, 0x00000000fe300000| Untracked 
|  36|0x00000000fe400000, 0x00000000fe400000, 0x00000000fe500000|  0%| F|  |TAMS 0x00000000fe400000, 0x00000000fe400000| Untracked 
|  37|0x00000000fe500000, 0x00000000fe500000, 0x00000000fe600000|  0%| F|  |TAMS 0x00000000fe500000, 0x00000000fe500000| Untracked 
|  38|0x00000000fe600000, 0x00000000fe600000, 0x00000000fe700000|  0%| F|  |TAMS 0x00000000fe600000, 0x00000000fe600000| Untracked 
|  39|0x00000000fe700000, 0x00000000fe700000, 0x00000000fe800000|  0%| F|  |TAMS 0x00000000fe700000, 0x00000000fe700000| Untracked 
|  40|0x00000000fe800000, 0x00000000fe800000, 0x00000000fe900000|  0%| F|  |TAMS 0x00000000fe800000, 0x00000000fe800000| Untracked 
|  41|0x00000000fe900000, 0x00000000fe900000, 0x00000000fea00000|  0%| F|  |TAMS 0x00000000fe900000, 0x00000000fe900000| Untracked 
|  42|0x00000000fea00000, 0x00000000fea00000, 0x00000000feb00000|  0%| F|  |TAMS 0x00000000fea00000, 0x00000000fea00000| Untracked 
|  43|0x00000000feb00000, 0x00000000feb00000, 0x00000000fec00000|  0%| F|  |TAMS 0x00000000feb00000, 0x00000000feb00000| Untracked 
|  44|0x00000000fec00000, 0x00000000fec00000, 0x00000000fed00000|  0%| F|  |TAMS 0x00000000fec00000, 0x00000000fec00000| Untracked 
|  45|0x00000000fed00000, 0x00000000fed00000, 0x00000000fee00000|  0%| F|  |TAMS 0x00000000fed00000, 0x00000000fed00000| Untracked 
|  46|0x00000000fee00000, 0x00000000fee00000, 0x00000000fef00000|  0%| F|  |TAMS 0x00000000fee00000, 0x00000000fee00000| Untracked 
|  47|0x00000000fef00000, 0x00000000fef00000, 0x00000000ff000000|  0%| F|  |TAMS 0x00000000fef00000, 0x00000000fef00000| Untracked 
|  48|0x00000000ff000000, 0x00000000ff000000, 0x00000000ff100000|  0%| F|  |TAMS 0x00000000ff000000, 0x00000000ff000000| Untracked 
|  49|0x00000000ff100000, 0x00000000ff100000, 0x00000000ff200000|  0%| F|  |TAMS 0x00000000ff100000, 0x00000000ff100000| Untracked 
|  50|0x00000000ff200000, 0x00000000ff200000, 0x00000000ff300000|  0%| F|  |TAMS 0x00000000ff200000, 0x00000000ff200000| Untracked 
|  51|0x00000000ff300000, 0x00000000ff300000, 0x00000000ff400000|  0%| F|  |TAMS 0x00000000ff300000, 0x00000000ff300000| Untracked 
|  52|0x00000000ff400000, 0x00000000ff400000, 0x00000000ff500000|  0%| F|  |TAMS 0x00000000ff400000, 0x00000000ff400000| Untracked 
|  53|0x00000000ff500000, 0x00000000ff500000, 0x00000000ff600000|  0%| F|  |TAMS 0x00000000ff500000, 0x00000000ff500000| Untracked 
|  54|0x00000000ff600000, 0x00000000ff600000, 0x00000000ff700000|  0%| F|  |TAMS 0x00000000ff600000, 0x00000000ff600000| Untracked 
|  55|0x00000000ff700000, 0x00000000ff700000, 0x00000000ff800000|  0%| F|  |TAMS 0x00000000ff700000, 0x00000000ff700000| Untracked 
|  56|0x00000000ff800000, 0x00000000ff800000, 0x00000000ff900000|  0%| F|  |TAMS 0x00000000ff800000, 0x00000000ff800000| Untracked 
|  57|0x00000000ff900000, 0x00000000ff900000, 0x00000000ffa00000|  0%| F|  |TAMS 0x00000000ff900000, 0x00000000ff900000| Untracked 
|  58|0x00000000ffa00000, 0x00000000ffa00000, 0x00000000ffb00000|  0%| F|  |TAMS 0x00000000ffa00000, 0x00000000ffa00000| Untracked 
|  59|0x00000000ffb00000, 0x00000000ffb00000, 0x00000000ffc00000|  0%| F|  |TAMS 0x00000000ffb00000, 0x00000000ffb00000| Untracked 
|  60|0x00000000ffc00000, 0x00000000ffc00000, 0x00000000ffd00000|  0%| F|  |TAMS 0x00000000ffc00000, 0x00000000ffc00000| Untracked 
|  61|0x00000000ffd00000, 0x00000000ffd00000, 0x00000000ffe00000|  0%| F|  |TAMS 0x00000000ffd00000, 0x00000000ffd00000| Untracked 
|  62|0x00000000ffe00000, 0x00000000ffe00000, 0x00000000fff00000|  0%| F|  |TAMS 0x00000000ffe00000, 0x00000000ffe00000| Untracked 
|  63|0x00000000fff00000, 0x00000000fffad700, 0x0000000100000000| 67%| E|  |TAMS 0x00000000fff00000, 0x00000000fff00000| Complete 

Card table byte_map: [0x00000253b3160000,0x00000253b3180000] _byte_map_base: 0x00000253b2980000

Marking Bits (Prev, Next): (CMBitMap*) 0x00000253b5208260, (CMBitMap*) 0x00000253b52082a0
 Prev Bits: [0x00000253cbdd0000, 0x00000253cbed0000)
 Next Bits: [0x00000253cbed0000, 0x00000253cbfd0000)

Polling page: 0x00000253b3110000

Metaspace:

Usage:
  Non-class:      6.87 MB used.
      Class:      1.09 MB used.
       Both:      7.96 MB used.

Virtual space:
  Non-class space:       64.00 MB reserved,       6.94 MB ( 11%) committed,  1 nodes.
      Class space:        1.00 GB reserved,       1.19 MB ( <1%) committed,  1 nodes.
             Both:        1.06 GB reserved,       8.12 MB ( <1%) committed. 

Chunk freelists:
   Non-Class:  8.27 MB
       Class:  14.84 MB
        Both:  23.11 MB

MaxMetaspaceSize: unlimited
CompressedClassSpaceSize: 1.00 GB
Initial GC threshold: 21.00 MB
Current GC threshold: 21.00 MB
CDS: on
MetaspaceReclaimPolicy: balanced
 - commit_granule_bytes: 65536.
 - commit_granule_words: 8192.
 - virtual_space_node_default_size: 8388608.
 - enlarge_chunks_in_place: 1.
 - new_chunks_are_fully_committed: 0.
 - uncommit_free_chunks: 1.
 - use_allocation_guard: 0.
 - handle_deallocations: 1.


Internal statistics:

num_allocs_failed_limit: 0.
num_arena_births: 74.
num_arena_deaths: 0.
num_vsnodes_births: 2.
num_vsnodes_deaths: 0.
num_space_committed: 130.
num_space_uncommitted: 0.
num_chunks_returned_to_freelist: 0.
num_chunks_taken_from_freelist: 298.
num_chunk_merges: 0.
num_chunk_splits: 200.
num_chunks_enlarged: 162.
num_inconsistent_stats: 0.

CodeHeap 'non-profiled nmethods': size=120000Kb used=631Kb max_used=631Kb free=119368Kb
 bounds [0x00000253c4570000, 0x00000253c47e0000, 0x00000253cbaa0000]
CodeHeap 'profiled nmethods': size=120000Kb used=2416Kb max_used=2416Kb free=117583Kb
 bounds [0x00000253bcaa0000, 0x00000253bcd10000, 0x00000253c3fd0000]
CodeHeap 'non-nmethods': size=5760Kb used=1179Kb max_used=1191Kb free=4581Kb
 bounds [0x00000253c3fd0000, 0x00000253c4240000, 0x00000253c4570000]
 total_blobs=1734 nmethods=1273 adapters=374
 compilation: enabled
              stopped_count=0, restarted_count=0
 full_count=0

Compilation events (20 events):
Event: 2.378 Thread 0x00000253ce9c6350 1263       3       jdk.internal.org.objectweb.asm.ClassWriter::visitMethod (57 bytes)
Event: 2.378 Thread 0x00000253ce9c6350 nmethod 1263 0x00000253bccf6b10 code [0x00000253bccf6cc0, 0x00000253bccf7028]
Event: 2.378 Thread 0x00000253ce9c6350 1265       3       java.lang.invoke.MethodHandles$Lookup::isClassAccessible (53 bytes)
Event: 2.378 Thread 0x00000253ce9c6350 nmethod 1265 0x00000253bccf7190 code [0x00000253bccf73a0, 0x00000253bccf7978]
Event: 2.378 Thread 0x00000253ce9c6350 1266       3       java.io.File::exists (34 bytes)
Event: 2.379 Thread 0x00000253ce9c6350 nmethod 1266 0x00000253bccf7b90 code [0x00000253bccf7d80, 0x00000253bccf82c8]
Event: 2.382 Thread 0x00000253ce9c6350 1267       3       java.util.Optional::empty (6 bytes)
Event: 2.382 Thread 0x00000253ce9c6350 nmethod 1267 0x00000253bccf8490 code [0x00000253bccf8620, 0x00000253bccf8718]
Event: 2.382 Thread 0x00000253ce9c6350 1268       3       jdk.internal.loader.BuiltinClassLoader::moduleReaderFor (45 bytes)
Event: 2.382 Thread 0x00000253ce9c6350 nmethod 1268 0x00000253bccf8790 code [0x00000253bccf8980, 0x00000253bccf9078]
Event: 2.382 Thread 0x00000253ce9c6350 1269       3       jdk.internal.module.SystemModuleFinders$SystemModuleReader::find (59 bytes)
Event: 2.383 Thread 0x00000253ce9c6350 nmethod 1269 0x00000253bccf9210 code [0x00000253bccf94c0, 0x00000253bccfa0e8]
Event: 2.385 Thread 0x00000253ce9c6350 1270       3       java.lang.invoke.MemberName::isCallerSensitive (8 bytes)
Event: 2.385 Thread 0x00000253ce9c6350 nmethod 1270 0x00000253bccfa590 code [0x00000253bccfa740, 0x00000253bccfa978]
Event: 2.385 Thread 0x00000253ce9c6350 1271       1       java.lang.invoke.InfoFromMemberName::getReferenceKind (5 bytes)
Event: 2.385 Thread 0x00000253ce9c6350 nmethod 1271 0x00000253c460d290 code [0x00000253c460d420, 0x00000253c460d4f8]
Event: 2.389 Thread 0x00000253ce9b8450 1272  s    4       jdk.internal.perf.PerfCounter::add (18 bytes)
Event: 2.391 Thread 0x00000253ce9b8450 nmethod 1272 0x00000253c460d590 code [0x00000253c460d740, 0x00000253c460db30]
Event: 2.391 Thread 0x00000253ce9c6350 1273       3       java.lang.invoke.MethodHandles$Lookup::checkAccess (232 bytes)
Event: 2.392 Thread 0x00000253ce9c6350 nmethod 1273 0x00000253bccfaa90 code [0x00000253bccfad80, 0x00000253bccfbe18]

GC Heap History (4 events):
Event: 0.641 GC heap before
{Heap before GC invocations=0 (full 0):
 garbage-first heap   total 65536K, used 22528K [0x00000000fc000000, 0x0000000100000000)
  region size 1024K, 23 young (23552K), 0 survivors (0K)
 Metaspace       used 1679K, committed 1792K, reserved 1114112K
  class space    used 155K, committed 192K, reserved 1048576K
}
Event: 0.660 GC heap after
{Heap after GC invocations=1 (full 0):
 garbage-first heap   total 65536K, used 1792K [0x00000000fc000000, 0x0000000100000000)
  region size 1024K, 2 young (2048K), 2 survivors (2048K)
 Metaspace       used 1679K, committed 1792K, reserved 1114112K
  class space    used 155K, committed 192K, reserved 1048576K
}
Event: 2.371 GC heap before
{Heap before GC invocations=1 (full 0):
 garbage-first heap   total 65536K, used 36608K [0x00000000fc000000, 0x0000000100000000)
  region size 1024K, 33 young (33792K), 2 survivors (2048K)
 Metaspace       used 7839K, committed 8064K, reserved 1114112K
  class space    used 1077K, committed 1216K, reserved 1048576K
}
Event: 2.376 GC heap after
{Heap after GC invocations=2 (full 0):
 garbage-first heap   total 65536K, used 11380K [0x00000000fc000000, 0x0000000100000000)
  region size 1024K, 5 young (5120K), 5 survivors (5120K)
 Metaspace       used 7839K, committed 8064K, reserved 1114112K
  class space    used 1077K, committed 1216K, reserved 1048576K
}

Deoptimization events (20 events):
Event: 1.901 Thread 0x00000253b51e5440 Uncommon trap: trap_request=0xffffff45 fr.pc=0x00000253c45fed30 relative=0x0000000000000090
Event: 1.901 Thread 0x00000253b51e5440 Uncommon trap: reason=unstable_if action=reinterpret pc=0x00000253c45fed30 method=sun.reflect.generics.parser.SignatureParser.current()C @ 39 c2
Event: 1.901 Thread 0x00000253b51e5440 DEOPT PACKING pc=0x00000253c45fed30 sp=0x0000006d503fca10
Event: 1.901 Thread 0x00000253b51e5440 DEOPT UNPACKING pc=0x00000253c4025ba3 sp=0x0000006d503fc9a8 mode 2
Event: 2.284 Thread 0x00000253b51e5440 Uncommon trap: trap_request=0xffffffde fr.pc=0x00000253c45a7ef4 relative=0x0000000000000074
Event: 2.284 Thread 0x00000253b51e5440 Uncommon trap: reason=class_check action=maybe_recompile pc=0x00000253c45a7ef4 method=java.util.AbstractList$Itr.hasNext()Z @ 8 c2
Event: 2.284 Thread 0x00000253b51e5440 DEOPT PACKING pc=0x00000253c45a7ef4 sp=0x0000006d503fc730
Event: 2.284 Thread 0x00000253b51e5440 DEOPT UNPACKING pc=0x00000253c4025ba3 sp=0x0000006d503fc6c8 mode 2
Event: 2.284 Thread 0x00000253b51e5440 Uncommon trap: trap_request=0xffffffde fr.pc=0x00000253c45a8254 relative=0x00000000000000b4
Event: 2.284 Thread 0x00000253b51e5440 Uncommon trap: reason=class_check action=maybe_recompile pc=0x00000253c45a8254 method=java.util.AbstractList$Itr.next()Ljava/lang/Object; @ 14 c2
Event: 2.284 Thread 0x00000253b51e5440 DEOPT PACKING pc=0x00000253c45a8254 sp=0x0000006d503fc720
Event: 2.284 Thread 0x00000253b51e5440 DEOPT UNPACKING pc=0x00000253c4025ba3 sp=0x0000006d503fc6b8 mode 2
Event: 2.338 Thread 0x00000253b51e5440 Uncommon trap: trap_request=0xffffff45 fr.pc=0x00000253c45f218c relative=0x0000000000001bcc
Event: 2.338 Thread 0x00000253b51e5440 Uncommon trap: reason=unstable_if action=reinterpret pc=0x00000253c45f218c method=java.io.WinNTFileSystem.normalize(Ljava/lang/String;)Ljava/lang/String; @ 128 c2
Event: 2.338 Thread 0x00000253b51e5440 DEOPT PACKING pc=0x00000253c45f218c sp=0x0000006d503fc150
Event: 2.338 Thread 0x00000253b51e5440 DEOPT UNPACKING pc=0x00000253c4025ba3 sp=0x0000006d503fc138 mode 2
Event: 2.379 Thread 0x00000253b51e5440 Uncommon trap: trap_request=0xffffff45 fr.pc=0x00000253c45b7bc8 relative=0x0000000000000688
Event: 2.379 Thread 0x00000253b51e5440 Uncommon trap: reason=unstable_if action=reinterpret pc=0x00000253c45b7bc8 method=java.lang.AbstractStringBuilder.append(Ljava/lang/String;)Ljava/lang/AbstractStringBuilder; @ 1 c2
Event: 2.379 Thread 0x00000253b51e5440 DEOPT PACKING pc=0x00000253c45b7bc8 sp=0x0000006d503fcea0
Event: 2.379 Thread 0x00000253b51e5440 DEOPT UNPACKING pc=0x00000253c4025ba3 sp=0x0000006d503fce20 mode 2

Classes unloaded (0 events):
No events

Classes redefined (0 events):
No events

Internal exceptions (20 events):
Event: 1.368 Thread 0x00000253b51e5440 Exception <a 'java/lang/NoSuchMethodError'{0x00000000ff1c15e8}: 'java.lang.Object java.lang.invoke.DirectMethodHandle$Holder.invokeStaticInit(java.lang.Object)'> (0x00000000ff1c15e8) 
thrown [s\open\src\hotspot\share\interpreter\linkResolver.cpp, line 759]
Event: 1.491 Thread 0x00000253b51e5440 Exception <a 'java/lang/NoSuchMethodError'{0x00000000ff1dc2b0}: 'int java.lang.invoke.DirectMethodHandle$Holder.invokeSpecial(java.lang.Object, java.lang.Object, java.lang.Object)'> (0x00000000ff1dc2b0) 
thrown [s\open\src\hotspot\share\interpreter\linkResolver.cpp, line 759]
Event: 1.511 Thread 0x00000253b51e5440 Exception <a 'java/lang/NoSuchMethodError'{0x00000000ff0194c0}: 'void java.lang.invoke.DirectMethodHandle$Holder.invokeStatic(java.lang.Object, java.lang.Object)'> (0x00000000ff0194c0) 
thrown [s\open\src\hotspot\share\interpreter\linkResolver.cpp, line 759]
Event: 1.513 Thread 0x00000253b51e5440 Implicit null exception at 0x00000253c45cf30a to 0x00000253c45cf7f0
Event: 1.513 Thread 0x00000253b51e5440 Implicit null exception at 0x00000253c45b6a8a to 0x00000253c45b6f78
Event: 1.513 Thread 0x00000253b51e5440 Implicit null exception at 0x00000253c45a6d0f to 0x00000253c45a6d89
Event: 1.542 Thread 0x00000253b51e5440 Exception <a 'java/lang/NoClassDefFoundError'{0x00000000ff094af0}: org/slf4j/impl/StaticMarkerBinder> (0x00000000ff094af0) 
thrown [s\open\src\hotspot\share\classfile\systemDictionary.cpp, line 245]
Event: 1.607 Thread 0x00000253b51e5440 Exception <a 'java/lang/NoSuchMethodError'{0x00000000fefb8f58}: 'java.lang.Object java.lang.invoke.Invokers$Holder.invoker(java.lang.Object, java.lang.Object, java.lang.Object)'> (0x00000000fefb8f58) 
thrown [s\open\src\hotspot\share\interpreter\linkResolver.cpp, line 759]
Event: 1.608 Thread 0x00000253b51e5440 Exception <a 'java/lang/NoSuchMethodError'{0x00000000fefc20b0}: 'java.lang.Object java.lang.invoke.DirectMethodHandle$Holder.invokeStatic(java.lang.Object, java.lang.Object, int)'> (0x00000000fefc20b0) 
thrown [s\open\src\hotspot\share\interpreter\linkResolver.cpp, line 759]
Event: 1.613 Thread 0x00000253b51e5440 Exception <a 'java/lang/NoSuchMethodError'{0x00000000fefcdda0}: 'void java.lang.invoke.DelegatingMethodHandle$Holder.delegate(java.lang.Object, java.lang.Object, int, java.lang.Object)'> (0x00000000fefcdda0) 
thrown [s\open\src\hotspot\share\interpreter\linkResolver.cpp, line 759]
Event: 1.617 Thread 0x00000253b51e5440 Exception <a 'java/lang/NoSuchMethodError'{0x00000000fefe13e8}: 'java.lang.Object java.lang.invoke.Invokers$Holder.invokeExact_MT(java.lang.Object, java.lang.Object, java.lang.Object, java.lang.Object)'> (0x00000000fefe13e8) 
thrown [s\open\src\hotspot\share\interpreter\linkResolver.cpp, line 759]
Event: 1.630 Thread 0x00000253b51e5440 Exception <a 'java/lang/NoSuchMethodError'{0x00000000fee04710}: 'java.lang.Object java.lang.invoke.DirectMethodHandle$Holder.invokeVirtual(java.lang.Object, java.lang.Object, java.lang.Object)'> (0x00000000fee04710) 
thrown [s\open\src\hotspot\share\interpreter\linkResolver.cpp, line 759]
Event: 1.830 Thread 0x00000253b51e5440 Exception <a 'java/lang/NoSuchMethodError'{0x00000000fea1ddd0}: 'java.lang.Object java.lang.invoke.DirectMethodHandle$Holder.newInvokeSpecial(java.lang.Object, java.lang.Object, java.lang.Object, java.lang.Object, java.lang.Object)'> (0x00000000fea1ddd0) 
thrown [s\open\src\hotspot\share\interpreter\linkResolver.cpp, line 759]
Event: 1.864 Thread 0x00000253b51e5440 Exception <a 'java/lang/NoSuchMethodError'{0x00000000fe94c2a8}: 'void java.lang.invoke.DirectMethodHandle$Holder.invokeSpecial(java.lang.Object, java.lang.Object, java.lang.Object)'> (0x00000000fe94c2a8) 
thrown [s\open\src\hotspot\share\interpreter\linkResolver.cpp, line 759]
Event: 2.148 Thread 0x00000253b51e5440 Exception <a 'java/lang/NoSuchMethodError'{0x00000000fe417388}: 'void java.lang.invoke.DirectMethodHandle$Holder.invokeStatic(java.lang.Object, java.lang.Object, java.lang.Object)'> (0x00000000fe417388) 
thrown [s\open\src\hotspot\share\interpreter\linkResolver.cpp, line 759]
Event: 2.230 Thread 0x00000253b51e5440 Exception <a 'java/lang/NoSuchMethodError'{0x00000000fe2b3cb8}: 'java.lang.Object java.lang.invoke.DirectMethodHandle$Holder.newInvokeSpecial(java.lang.Object, java.lang.Object, java.lang.Object, java.lang.Object, java.lang.Object, java.lang.Object, java.lang.Object, java.lang.Object, java.lang.Object, java.lang.Object, java.lang.Object, java.lang.Object, java.lang.Object, java.lang.Object, java.lang.Object, java.lang.Object, java.lang.Object, java.lang.Object, java.lang.Object, java.lang.Object, java.lang
Event: 2.231 Thread 0x00000253b51e5440 Exception <a 'java/lang/NoSuchMethodError'{0x00000000fe2c02c0}: 'java.lang.Object java.lang.invoke.Invokers$Holder.linkToTargetMethod(java.lang.Object, java.lang.Object, java.lang.Object, java.lang.Object, java.lang.Object, java.lang.Object, java.lang.Object, java.lang.Object, java.lang.Object, java.lang.Object, java.lang.Object, java.lang.Object, java.lang.Object, java.lang.Object, java.lang.Object, java.lang.Object, java.lang.Object, java.lang.Object, java.lang.Object, java.lang.Object, java.lang.Object,
Event: 2.297 Thread 0x00000253b51e5440 Exception <a 'java/lang/NoSuchMethodError'{0x00000000fdf262f0}: 'java.lang.Object java.lang.invoke.DirectMethodHandle$Holder.invokeStaticInit(java.lang.Object, int, int, int, int)'> (0x00000000fdf262f0) 
thrown [s\open\src\hotspot\share\interpreter\linkResolver.cpp, line 759]
Event: 2.347 Thread 0x00000253b51e5440 Exception <a 'java/lang/NoSuchMethodError'{0x00000000fdf4d8c8}: 'java.lang.Object java.lang.invoke.DirectMethodHandle$Holder.invokeStaticInit(java.lang.Object, java.lang.Object, int, int, int, int)'> (0x00000000fdf4d8c8) 
thrown [s\open\src\hotspot\share\interpreter\linkResolver.cpp, line 759]
Event: 2.379 Thread 0x00000253b51e5440 Implicit null exception at 0x00000253c45b7572 to 0x00000253c45b7bb0

VM Operations (20 events):
Event: 1.115 Executing VM operation: HandshakeAllThreads
Event: 1.115 Executing VM operation: HandshakeAllThreads done
Event: 1.510 Executing VM operation: HandshakeAllThreads
Event: 1.511 Executing VM operation: HandshakeAllThreads done
Event: 1.538 Executing VM operation: HandshakeAllThreads
Event: 1.538 Executing VM operation: HandshakeAllThreads done
Event: 1.538 Executing VM operation: HandshakeAllThreads
Event: 1.538 Executing VM operation: HandshakeAllThreads done
Event: 1.608 Executing VM operation: HandshakeAllThreads
Event: 1.608 Executing VM operation: HandshakeAllThreads done
Event: 1.886 Executing VM operation: HandshakeAllThreads
Event: 1.886 Executing VM operation: HandshakeAllThreads done
Event: 1.886 Executing VM operation: Cleanup
Event: 1.886 Executing VM operation: Cleanup done
Event: 1.957 Executing VM operation: HandshakeAllThreads
Event: 1.958 Executing VM operation: HandshakeAllThreads done
Event: 2.345 Executing VM operation: HandshakeAllThreads
Event: 2.345 Executing VM operation: HandshakeAllThreads done
Event: 2.371 Executing VM operation: G1CollectForAllocation
Event: 2.376 Executing VM operation: G1CollectForAllocation done

Events (20 events):
Event: 2.390 loading class java/nio/channels/Selector done
Event: 2.390 loading class sun/nio/ch/WEPollSelectorImpl
Event: 2.390 loading class sun/nio/ch/SelectorImpl
Event: 2.391 loading class java/nio/channels/spi/AbstractSelector
Event: 2.391 loading class java/nio/channels/spi/AbstractSelector done
Event: 2.391 loading class sun/nio/ch/SelectorImpl done
Event: 2.391 loading class sun/nio/ch/WEPollSelectorImpl done
Event: 2.391 loading class java/lang/invoke/VarHandleBooleans$FieldInstanceReadWrite
Event: 2.391 loading class java/lang/invoke/VarHandleBooleans$FieldInstanceReadOnly
Event: 2.391 loading class java/lang/invoke/VarHandleBooleans$FieldInstanceReadOnly done
Event: 2.391 loading class java/lang/invoke/VarHandleBooleans$FieldInstanceReadWrite done
Event: 2.392 loading class sun/nio/ch/Util
Event: 2.393 loading class sun/nio/ch/Util done
Event: 2.393 loading class sun/nio/ch/Util$1
Event: 2.395 loading class sun/nio/ch/Util$1 done
Event: 2.395 loading class sun/nio/ch/Util$2
Event: 2.396 loading class sun/nio/ch/Util$2 done
Event: 2.396 loading class sun/nio/ch/WEPoll
Event: 2.396 loading class sun/nio/ch/WEPoll done
Event: 2.397 loading class sun/nio/ch/PipeImpl


Dynamic libraries:
0x00007ff6dcfd0000 - 0x00007ff6dcfe0000 	C:\Program Files\Java\jdk-17\bin\java.exe
0x00007ffad25a0000 - 0x00007ffad2807000 	C:\WINDOWS\SYSTEM32\ntdll.dll
0x00007ffad0a80000 - 0x00007ffad0b49000 	C:\WINDOWS\System32\KERNEL32.DLL
0x00007ffacfca0000 - 0x00007ffad0090000 	C:\WINDOWS\System32\KERNELBASE.dll
0x00007ffad00a0000 - 0x00007ffad01eb000 	C:\WINDOWS\System32\ucrtbase.dll
0x00007ffaca3f0000 - 0x00007ffaca409000 	C:\Program Files\Java\jdk-17\bin\jli.dll
0x00007ffad1470000 - 0x00007ffad1524000 	C:\WINDOWS\System32\ADVAPI32.dll
0x00007ffab8730000 - 0x00007ffab874b000 	C:\Program Files\Java\jdk-17\bin\VCRUNTIME140.dll
0x00007ffad2400000 - 0x00007ffad24a9000 	C:\WINDOWS\System32\msvcrt.dll
0x00007ffad0cb0000 - 0x00007ffad0d56000 	C:\WINDOWS\System32\sechost.dll
0x00007ffad18f0000 - 0x00007ffad1a08000 	C:\WINDOWS\System32\RPCRT4.dll
0x00007ffad0d60000 - 0x00007ffad0f25000 	C:\WINDOWS\System32\USER32.dll
0x00007ffacf6d0000 - 0x00007ffacf6f7000 	C:\WINDOWS\System32\win32u.dll
0x00007ffab21a0000 - 0x00007ffab243a000 	C:\WINDOWS\WinSxS\amd64_microsoft.windows.common-controls_6595b64144ccf1df_6.0.26100.4768_none_3e0c112ce331287c\COMCTL32.dll
0x00007ffad0c80000 - 0x00007ffad0cab000 	C:\WINDOWS\System32\GDI32.dll
0x00007ffacfb60000 - 0x00007ffacfc98000 	C:\WINDOWS\System32\gdi32full.dll
0x00007ffad01f0000 - 0x00007ffad0293000 	C:\WINDOWS\System32\msvcp_win.dll
0x00007ffaca4e0000 - 0x00007ffaca4eb000 	C:\WINDOWS\SYSTEM32\VERSION.dll
0x00007ffad24b0000 - 0x00007ffad24df000 	C:\WINDOWS\System32\IMM32.DLL
0x00007ffaca450000 - 0x00007ffaca45c000 	C:\Program Files\Java\jdk-17\bin\vcruntime140_1.dll
0x00007ffa99c60000 - 0x00007ffa99cee000 	C:\Program Files\Java\jdk-17\bin\msvcp140.dll
0x00007ffa37690000 - 0x00007ffa38270000 	C:\Program Files\Java\jdk-17\bin\server\jvm.dll
0x00007ffad0a70000 - 0x00007ffad0a78000 	C:\WINDOWS\System32\PSAPI.DLL
0x00007ffac71a0000 - 0x00007ffac71d5000 	C:\WINDOWS\SYSTEM32\WINMM.dll
0x00007ffab6940000 - 0x00007ffab694a000 	C:\WINDOWS\SYSTEM32\WSOCK32.dll
0x00007ffad09a0000 - 0x00007ffad0a14000 	C:\WINDOWS\System32\WS2_32.dll
0x00007fface410000 - 0x00007fface42b000 	C:\WINDOWS\SYSTEM32\kernel.appcore.dll
0x00007ffaca2b0000 - 0x00007ffaca2ba000 	C:\Program Files\Java\jdk-17\bin\jimage.dll
0x00007ffacccc0000 - 0x00007ffaccf01000 	C:\WINDOWS\SYSTEM32\DBGHELP.DLL
0x00007ffad10e0000 - 0x00007ffad1465000 	C:\WINDOWS\System32\combase.dll
0x00007ffad0330000 - 0x00007ffad0410000 	C:\WINDOWS\System32\OLEAUT32.dll
0x00007ffab6e60000 - 0x00007ffab6ea3000 	C:\WINDOWS\SYSTEM32\dbgcore.DLL
0x00007ffacf700000 - 0x00007ffacf799000 	C:\WINDOWS\System32\bcryptPrimitives.dll
0x00007ffaa6f20000 - 0x00007ffaa6f45000 	C:\Program Files\Java\jdk-17\bin\java.dll
0x00007ffa974b0000 - 0x00007ffa97587000 	C:\Program Files\Java\jdk-17\bin\jsvml.dll
0x00007ffad1cb0000 - 0x00007ffad23fd000 	C:\WINDOWS\System32\SHELL32.dll
0x00007ffacf7a0000 - 0x00007ffacf913000 	C:\WINDOWS\System32\wintypes.dll
0x00007ffacd270000 - 0x00007ffacdad0000 	C:\WINDOWS\SYSTEM32\windows.storage.dll
0x00007ffad1ba0000 - 0x00007ffad1c95000 	C:\WINDOWS\System32\SHCORE.dll
0x00007ffad24f0000 - 0x00007ffad255a000 	C:\WINDOWS\System32\shlwapi.dll
0x00007ffacf5f0000 - 0x00007ffacf619000 	C:\WINDOWS\SYSTEM32\profapi.dll
0x00007ffab83b0000 - 0x00007ffab83c9000 	C:\Program Files\Java\jdk-17\bin\net.dll
0x00007ffac9740000 - 0x00007ffac985e000 	C:\WINDOWS\SYSTEM32\WINHTTP.dll
0x00007fface980000 - 0x00007fface9eb000 	C:\WINDOWS\system32\mswsock.dll
0x00007ffab3c50000 - 0x00007ffab3c66000 	C:\Program Files\Java\jdk-17\bin\nio.dll
0x00007ffaabf10000 - 0x00007ffaabf28000 	C:\Program Files\Java\jdk-17\bin\zip.dll
0x00007ffaa5ba0000 - 0x00007ffaa5bb0000 	C:\Program Files\Java\jdk-17\bin\verify.dll
0x00007ffabd310000 - 0x00007ffabd31a000 	C:\Program Files\Java\jdk-17\bin\management.dll
0x00007ffab85b0000 - 0x00007ffab85bb000 	C:\Program Files\Java\jdk-17\bin\management_ext.dll
0x00007ffab8700000 - 0x00007ffab8727000 	C:\Users\NareAseyan\.gradle\native\1def1411415f61bf3af743bc5b6707747c0891f09f0c88961ee8f79bc544acac\windows-amd64\native-platform.dll
0x00007ffaca4a0000 - 0x00007ffaca4aa000 	C:\Users\NareAseyan\.gradle\native\jansi\1.18\windows64\jansi.dll
0x00007ffacde00000 - 0x00007ffacde33000 	C:\WINDOWS\SYSTEM32\IPHLPAPI.DLL
0x00007ffad0990000 - 0x00007ffad099a000 	C:\WINDOWS\System32\NSI.dll
0x00007ffac99d0000 - 0x00007ffac99ef000 	C:\WINDOWS\SYSTEM32\dhcpcsvc6.DLL
0x00007ffac99a0000 - 0x00007ffac99c5000 	C:\WINDOWS\SYSTEM32\dhcpcsvc.DLL
0x00007ffacde40000 - 0x00007ffacdf66000 	C:\WINDOWS\SYSTEM32\DNSAPI.dll
0x00007ffaced60000 - 0x00007ffaced7b000 	C:\WINDOWS\SYSTEM32\CRYPTSP.dll
0x00007fface370000 - 0x00007fface3ab000 	C:\WINDOWS\system32\rsaenh.dll
0x00007ffacea20000 - 0x00007ffacea4b000 	C:\WINDOWS\SYSTEM32\USERENV.dll
0x00007ffacf5c0000 - 0x00007ffacf5e6000 	C:\WINDOWS\SYSTEM32\bcrypt.dll
0x00007ffaced40000 - 0x00007ffaced4c000 	C:\WINDOWS\SYSTEM32\CRYPTBASE.dll

dbghelp: loaded successfully - version: 4.0.5 - missing functions: none
symbol engine: initialized successfully - sym options: 0x614 - pdb path: .;C:\Program Files\Java\jdk-17\bin;C:\WINDOWS\SYSTEM32;C:\WINDOWS\WinSxS\amd64_microsoft.windows.common-controls_6595b64144ccf1df_6.0.26100.4768_none_3e0c112ce331287c;C:\Program Files\Java\jdk-17\bin\server;C:\Users\NareAseyan\.gradle\native\1def1411415f61bf3af743bc5b6707747c0891f09f0c88961ee8f79bc544acac\windows-amd64;C:\Users\NareAseyan\.gradle\native\jansi\1.18\windows64

VM Arguments:
jvm_args: -Xmx64m -Xms64m -Dorg.gradle.appname=gradlew 
java_command: C:\Users\NareAseyan\Desktop\react-native\WearConnectivityApp\WearConnectivityApp\WatchApp\android\\gradle\wrapper\gradle-wrapper.jar app:installDebug -x lint -PreactNativeDevServerPort=8081
java_class_path (initial): C:\Users\NareAseyan\Desktop\react-native\WearConnectivityApp\WearConnectivityApp\WatchApp\android\\gradle\wrapper\gradle-wrapper.jar
Launcher Type: SUN_STANDARD

[Global flags]
     intx CICompilerCount                          = 4                                         {product} {ergonomic}
     uint ConcGCThreads                            = 2                                         {product} {ergonomic}
     uint G1ConcRefinementThreads                  = 8                                         {product} {ergonomic}
   size_t G1HeapRegionSize                         = 1048576                                   {product} {ergonomic}
    uintx GCDrainStackTargetSize                   = 64                                        {product} {ergonomic}
   size_t InitialHeapSize                          = 67108864                                  {product} {command line}
   size_t MarkStackSize                            = 4194304                                   {product} {ergonomic}
   size_t MaxHeapSize                              = 67108864                                  {product} {command line}
   size_t MaxNewSize                               = 39845888                                  {product} {ergonomic}
   size_t MinHeapDeltaBytes                        = 1048576                                   {product} {ergonomic}
   size_t MinHeapSize                              = 67108864                                  {product} {command line}
    uintx NonNMethodCodeHeapSize                   = 5839372                                {pd product} {ergonomic}
    uintx NonProfiledCodeHeapSize                  = 122909434                              {pd product} {ergonomic}
    uintx ProfiledCodeHeapSize                     = 122909434                              {pd product} {ergonomic}
    uintx ReservedCodeCacheSize                    = 251658240                              {pd product} {ergonomic}
     bool SegmentedCodeCache                       = true                                      {product} {ergonomic}
   size_t SoftMaxHeapSize                          = 67108864                               {manageable} {ergonomic}
     bool UseCompressedClassPointers               = true                           {product lp64_product} {ergonomic}
     bool UseCompressedOops                        = true                           {product lp64_product} {ergonomic}
     bool UseG1GC                                  = true                                      {product} {ergonomic}
     bool UseLargePagesIndividualAllocation        = false                                  {pd product} {ergonomic}

Logging:
Log output configuration:
 #0: stdout all=warning uptime,level,tags
 #1: stderr all=off uptime,level,tags

Environment Variables:
JAVA_HOME=C:\Program Files\Java\jdk-17
PATH=C:\Users\NareAseyan\Desktop\react-native\WearConnectivityApp\WearConnectivityApp\WatchApp\node_modules\.bin;C:\Users\NareAseyan\Desktop\react-native\WearConnectivityApp\WearConnectivityApp\WatchApp\node_modules\.bin;C:\Users\NareAseyan\Desktop\react-native\WearConnectivityApp\WearConnectivityApp\node_modules\.bin;C:\Users\NareAseyan\Desktop\react-native\WearConnectivityApp\node_modules\.bin;C:\Users\NareAseyan\Desktop\react-native\node_modules\.bin;C:\Users\NareAseyan\Desktop\node_modules\.bin;C:\Users\NareAseyan\node_modules\.bin;C:\Users\node_modules\.bin;C:\node_modules\.bin;C:\Users\NareAseyan\AppData\Roaming\npm\node_modules\npm\node_modules\@npmcli\run-script\lib\node-gyp-bin;C:\Program Files\Common Files\Oracle\Java\javapath;C:\WINDOWS\system32;C:\WINDOWS;C:\WINDOWS\System32\Wbem;C:\WINDOWS\System32\WindowsPowerShell\v1.0\;C:\WINDOWS\System32\OpenSSH\;C:\Program Files\dotnet\;C:\Program Files\Git\cmd;C:\Users\NareAseyan\AppData\Local\nvm;C:\nvm4w\nodejs;C:\Program Files\nodejs\;C:\Users\NareAseyan\AppData\Local\Android\Sdk\platform-tools;C:\Users\NareAseyan\AppData\Local\Android\Sdk\tools;C:\Users\NareAseyan\AppData\Local\jdk-11.0.2\bin;C:\Users\NareAseyan\AppData\Local\Android\Sdk\platform-tools;C:\Users\NareAseyan\AppData\Local\Android\Sdk\tools;C:\Users\NareAseyan\AppData\Local\jdk-11.0.2\bin;C:\Users\NareAseyan\AppData\Local\Programs\Python\Launcher\;C:\Users\NareAseyan\AppData\Local\Microsoft\WindowsApps;C:\Users\NareAseyan\AppData\Local\Programs\Microsoft VS Code\bin;C:\MinGW\bin;C:\Users\NareAseyan\AppData\Local\Microsoft\WinGet\Packages\Schniz.fnm_Microsoft.Winget.Source_8wekyb3d8bbwe;C:\Program Files\Java\jdk-17\bin;C:\Users\NareAseyan\AppData\Local\nvm;C:\nvm4w\nodejs;C:\Users\NareAseyan\AppData\Roaming\npm;C:\Users\NareAseyan\AppData\Local\Programs\Windsurf\bin;C:\Tools\Gradle\gradle-9.0.0\bin;C:\Users\NareAseyan\AppData\Local\Android\Sdk;
USERNAME=Vache Aseyan
LANG=en_US.UTF-8
OS=Windows_NT
PROCESSOR_IDENTIFIER=Intel64 Family 6 Model 140 Stepping 1, GenuineIntel



---------------  S Y S T E M  ---------------

OS:
 Windows 11 , 64 bit Build 26100 (10.0.26100.4768)
OS uptime: 3 days 22:07 hours
Hyper-V role detected

CPU: total 8 (initial active 8) (4 cores per cpu, 2 threads per core) family 6 model 140 stepping 1 microcode 0xa6, cx8, cmov, fxsr, ht, mmx, 3dnowpref, sse, sse2, sse3, ssse3, sse4.1, sse4.2, popcnt, lzcnt, tsc, tscinvbit, avx, avx2, aes, erms, clmul, bmi1, bmi2, adx, avx512f, avx512dq, avx512cd, avx512bw, avx512vl, sha, fma, vzeroupper, avx512_vpopcntdq, avx512_vpclmulqdq, avx512_vaes, avx512_vnni, clflush, clflushopt, clwb, avx512_vbmi2, avx512_vbmi, hv

Memory: 4k page, system-wide physical 7975M (637M free)
TotalPageFile size 20968M (AvailPageFile size 4M)
current process WorkingSet (physical memory assigned to process): 109M, peak: 109M
current process commit charge ("private bytes"): 170M, peak: 171M

vm_info: Java HotSpot(TM) 64-Bit Server VM (17.0.12+8-LTS-286) for windows-amd64 JRE (17.0.12+8-LTS-286), built on Jun  5 2024 06:46:59 by "mach5one" with MS VC++ 17.6 (VS2022)

END.
